<?xml version="1.0" encoding="UTF-8"?>
<coverage generated="1755353260086" clover="3.2.0">
  <project timestamp="1755353260087" name="All files">
    <metrics statements="42" coveredstatements="14" conditionals="18" coveredconditionals="8" methods="8" coveredmethods="2" elements="68" coveredelements="24" complexity="0" loc="42" ncloc="42" packages="1" files="3" classes="3"/>
    <file name="constants.js" path="C:\Users\Bhara\OneDrive\Desktop\customer-rewards-program\src\js\constants.js">
      <metrics statements="2" coveredstatements="2" conditionals="0" coveredconditionals="0" methods="0" coveredmethods="0"/>
      <line num="1" count="1" type="stmt"/>
      <line num="9" count="1" type="stmt"/>
    </file>
    <file name="logger.js" path="C:\Users\Bhara\OneDrive\Desktop\customer-rewards-program\src\js\logger.js">
      <metrics statements="4" coveredstatements="2" conditionals="0" coveredconditionals="0" methods="3" coveredmethods="1"/>
      <line num="2" count="1" type="stmt"/>
      <line num="3" count="0" type="stmt"/>
      <line num="4" count="2" type="stmt"/>
      <line num="5" count="0" type="stmt"/>
    </file>
    <file name="utils.js" path="C:\Users\Bhara\OneDrive\Desktop\customer-rewards-program\src\js\utils.js">
      <metrics statements="36" coveredstatements="10" conditionals="18" coveredconditionals="8" methods="5" coveredmethods="1"/>
      <line num="5" count="6" type="cond" truecount="4" falsecount="0"/>
      <line num="6" count="2" type="stmt"/>
      <line num="7" count="2" type="stmt"/>
      <line num="10" count="4" type="stmt"/>
      <line num="11" count="4" type="cond" truecount="2" falsecount="0"/>
      <line num="12" count="1" type="stmt"/>
      <line num="13" count="1" type="stmt"/>
      <line num="14" count="3" type="cond" truecount="2" falsecount="0"/>
      <line num="15" count="2" type="stmt"/>
      <line num="17" count="4" type="stmt"/>
      <line num="21" count="0" type="stmt"/>
      <line num="28" count="0" type="stmt"/>
      <line num="37" count="0" type="stmt"/>
      <line num="39" count="0" type="stmt"/>
      <line num="40" count="0" type="stmt"/>
      <line num="42" count="0" type="stmt"/>
      <line num="43" count="0" type="stmt"/>
      <line num="44" count="0" type="stmt"/>
      <line num="45" count="0" type="stmt"/>
      <line num="48" count="0" type="stmt"/>
      <line num="49" count="0" type="cond" truecount="0" falsecount="2"/>
      <line num="51" count="0" type="stmt"/>
      <line num="52" count="0" type="stmt"/>
      <line num="54" count="0" type="stmt"/>
      <line num="59" count="0" type="cond" truecount="0" falsecount="2"/>
      <line num="61" count="0" type="cond" truecount="0" falsecount="2"/>
      <line num="62" count="0" type="stmt"/>
      <line num="71" count="0" type="stmt"/>
      <line num="72" count="0" type="stmt"/>
      <line num="74" count="0" type="stmt"/>
      <line num="81" count="0" type="stmt"/>
      <line num="83" count="0" type="stmt"/>
      <line num="84" count="0" type="cond" truecount="0" falsecount="2"/>
      <line num="85" count="0" type="stmt"/>
      <line num="86" count="0" type="stmt"/>
      <line num="89" count="0" type="stmt"/>
    </file>
  </project>
</coverage>
