{"C:\\Users\\Bhara\\OneDrive\\Desktop\\Project\\customer-reward-program\\src\\components\\logger.js": {"path":"C:\\Users\\Bhara\\OneDrive\\Desktop\\Project\\customer-reward-program\\src\\components\\logger.js","statementMap":{"0":{"start":{"line":1,"column":15},"end":{"line":5,"column":1}},"1":{"start":{"line":2,"column":21},"end":{"line":2,"column":83}},"2":{"start":{"line":3,"column":21},"end":{"line":3,"column":84}},"3":{"start":{"line":4,"column":22},"end":{"line":4,"column":87}}},"fnMap":{"0":{"name":"(anonymous_0)","decl":{"start":{"line":2,"column":8},"end":{"line":2,"column":9}},"loc":{"start":{"line":2,"column":21},"end":{"line":2,"column":83}},"line":2},"1":{"name":"(anonymous_1)","decl":{"start":{"line":3,"column":8},"end":{"line":3,"column":9}},"loc":{"start":{"line":3,"column":21},"end":{"line":3,"column":84}},"line":3},"2":{"name":"(anonymous_2)","decl":{"start":{"line":4,"column":9},"end":{"line":4,"column":10}},"loc":{"start":{"line":4,"column":22},"end":{"line":4,"column":87}},"line":4}},"branchMap":{},"s":{"0":1,"1":0,"2":2,"3":0},"f":{"0":0,"1":2,"2":0},"b":{},"_coverageSchema":"1a1c01bbd47fc00a2c39e90264f33305004495a9","hash":"31caea6c2af90d0d8b3b904d6cf9643575034df4"}
,"C:\\Users\\Bhara\\OneDrive\\Desktop\\Project\\customer-reward-program\\src\\utils\\constants.js": {"path":"C:\\Users\\Bhara\\OneDrive\\Desktop\\Project\\customer-reward-program\\src\\utils\\constants.js","statementMap":{"0":{"start":{"line":1,"column":30},"end":{"line":7,"column":2}},"1":{"start":{"line":9,"column":22},"end":{"line":12,"column":2}},"2":{"start":{"line":14,"column":24},"end":{"line":23,"column":2}}},"fnMap":{},"branchMap":{},"s":{"0":1,"1":1,"2":1},"f":{},"b":{},"_coverageSchema":"1a1c01bbd47fc00a2c39e90264f33305004495a9","hash":"2d8eb80507378a64a7134eff32bdb68cf58df49c"}
,"C:\\Users\\Bhara\\OneDrive\\Desktop\\Project\\customer-reward-program\\src\\utils\\utils.js": {"path":"C:\\Users\\Bhara\\OneDrive\\Desktop\\Project\\customer-reward-program\\src\\utils\\utils.js","statementMap":{"0":{"start":{"line":5,"column":2},"end":{"line":8,"column":3}},"1":{"start":{"line":6,"column":4},"end":{"line":6,"column":45}},"2":{"start":{"line":7,"column":4},"end":{"line":7,"column":13}},"3":{"start":{"line":10,"column":15},"end":{"line":10,"column":16}},"4":{"start":{"line":11,"column":2},"end":{"line":16,"column":3}},"5":{"start":{"line":12,"column":4},"end":{"line":12,"column":90}},"6":{"start":{"line":13,"column":4},"end":{"line":13,"column":80}},"7":{"start":{"line":14,"column":9},"end":{"line":16,"column":3}},"8":{"start":{"line":15,"column":4},"end":{"line":15,"column":56}},"9":{"start":{"line":17,"column":2},"end":{"line":17,"column":28}},"10":{"start":{"line":21,"column":2},"end":{"line":24,"column":20}},"11":{"start":{"line":28,"column":2},"end":{"line":32,"column":5}},"12":{"start":{"line":36,"column":2},"end":{"line":36,"column":119}},"13":{"start":{"line":38,"column":20},"end":{"line":38,"column":29}},"14":{"start":{"line":39,"column":14},"end":{"line":39,"column":24}},"15":{"start":{"line":42,"column":15},"end":{"line":42,"column":39}},"16":{"start":{"line":44,"column":29},"end":{"line":44,"column":41}},"17":{"start":{"line":46,"column":2},"end":{"line":78,"column":3}},"18":{"start":{"line":49,"column":4},"end":{"line":53,"column":5}},"19":{"start":{"line":50,"column":6},"end":{"line":50,"column":32}},"20":{"start":{"line":52,"column":6},"end":{"line":52,"column":20}},"21":{"start":{"line":54,"column":24},"end":{"line":54,"column":86}},"22":{"start":{"line":54,"column":72},"end":{"line":54,"column":85}},"23":{"start":{"line":56,"column":4},"end":{"line":62,"column":7}},"24":{"start":{"line":57,"column":21},"end":{"line":57,"column":38}},"25":{"start":{"line":58,"column":6},"end":{"line":61,"column":8}},"26":{"start":{"line":63,"column":9},"end":{"line":78,"column":3}},"27":{"start":{"line":65,"column":4},"end":{"line":71,"column":7}},"28":{"start":{"line":66,"column":21},"end":{"line":66,"column":38}},"29":{"start":{"line":67,"column":6},"end":{"line":70,"column":8}},"30":{"start":{"line":72,"column":9},"end":{"line":78,"column":3}},"31":{"start":{"line":74,"column":4},"end":{"line":77,"column":7}},"32":{"start":{"line":75,"column":21},"end":{"line":75,"column":38}},"33":{"start":{"line":76,"column":6},"end":{"line":76,"column":43}},"34":{"start":{"line":80,"column":2},"end":{"line":111,"column":5}},"35":{"start":{"line":81,"column":28},"end":{"line":81,"column":54}},"36":{"start":{"line":82,"column":29},"end":{"line":82,"column":55}},"37":{"start":{"line":83,"column":28},"end":{"line":83,"column":57}},"38":{"start":{"line":85,"column":4},"end":{"line":93,"column":5}},"39":{"start":{"line":86,"column":6},"end":{"line":92,"column":9}},"40":{"start":{"line":95,"column":21},"end":{"line":95,"column":58}},"41":{"start":{"line":96,"column":19},"end":{"line":96,"column":60}},"42":{"start":{"line":98,"column":34},"end":{"line":103,"column":5}},"43":{"start":{"line":105,"column":4},"end":{"line":105,"column":54}},"44":{"start":{"line":107,"column":21},"end":{"line":107,"column":61}},"45":{"start":{"line":108,"column":31},"end":{"line":108,"column":72}},"46":{"start":{"line":109,"column":4},"end":{"line":109,"column":70}},"47":{"start":{"line":110,"column":4},"end":{"line":110,"column":35}},"48":{"start":{"line":113,"column":2},"end":{"line":113,"column":40}}},"fnMap":{"0":{"name":"calculateRewardPoints","decl":{"start":{"line":4,"column":16},"end":{"line":4,"column":37}},"loc":{"start":{"line":4,"column":46},"end":{"line":18,"column":1}},"line":4},"1":{"name":"formatCurrency","decl":{"start":{"line":20,"column":16},"end":{"line":20,"column":30}},"loc":{"start":{"line":20,"column":39},"end":{"line":25,"column":1}},"line":20},"2":{"name":"formatDate","decl":{"start":{"line":27,"column":16},"end":{"line":27,"column":26}},"loc":{"start":{"line":27,"column":36},"end":{"line":33,"column":1}},"line":27},"3":{"name":"processTransactionData","decl":{"start":{"line":35,"column":16},"end":{"line":35,"column":38}},"loc":{"start":{"line":35,"column":78},"end":{"line":114,"column":1}},"line":35},"4":{"name":"(anonymous_4)","decl":{"start":{"line":54,"column":67},"end":{"line":54,"column":68}},"loc":{"start":{"line":54,"column":72},"end":{"line":54,"column":85}},"line":54},"5":{"name":"(anonymous_5)","decl":{"start":{"line":56,"column":47},"end":{"line":56,"column":48}},"loc":{"start":{"line":56,"column":53},"end":{"line":62,"column":5}},"line":56},"6":{"name":"(anonymous_6)","decl":{"start":{"line":65,"column":47},"end":{"line":65,"column":48}},"loc":{"start":{"line":65,"column":53},"end":{"line":71,"column":5}},"line":65},"7":{"name":"(anonymous_7)","decl":{"start":{"line":74,"column":47},"end":{"line":74,"column":48}},"loc":{"start":{"line":74,"column":53},"end":{"line":77,"column":5}},"line":74},"8":{"name":"(anonymous_8)","decl":{"start":{"line":80,"column":31},"end":{"line":80,"column":32}},"loc":{"start":{"line":80,"column":46},"end":{"line":111,"column":3}},"line":80}},"branchMap":{"0":{"loc":{"start":{"line":5,"column":2},"end":{"line":8,"column":3}},"type":"if","locations":[{"start":{"line":5,"column":2},"end":{"line":8,"column":3}},{"start":{},"end":{}}],"line":5},"1":{"loc":{"start":{"line":5,"column":6},"end":{"line":5,"column":46}},"type":"binary-expr","locations":[{"start":{"line":5,"column":6},"end":{"line":5,"column":32}},{"start":{"line":5,"column":36},"end":{"line":5,"column":46}}],"line":5},"2":{"loc":{"start":{"line":11,"column":2},"end":{"line":16,"column":3}},"type":"if","locations":[{"start":{"line":11,"column":2},"end":{"line":16,"column":3}},{"start":{"line":14,"column":9},"end":{"line":16,"column":3}}],"line":11},"3":{"loc":{"start":{"line":14,"column":9},"end":{"line":16,"column":3}},"type":"if","locations":[{"start":{"line":14,"column":9},"end":{"line":16,"column":3}},{"start":{},"end":{}}],"line":14},"4":{"loc":{"start":{"line":46,"column":2},"end":{"line":78,"column":3}},"type":"if","locations":[{"start":{"line":46,"column":2},"end":{"line":78,"column":3}},{"start":{"line":63,"column":9},"end":{"line":78,"column":3}}],"line":46},"5":{"loc":{"start":{"line":49,"column":4},"end":{"line":53,"column":5}},"type":"if","locations":[{"start":{"line":49,"column":4},"end":{"line":53,"column":5}},{"start":{"line":51,"column":11},"end":{"line":53,"column":5}}],"line":49},"6":{"loc":{"start":{"line":59,"column":8},"end":{"line":60,"column":47}},"type":"binary-expr","locations":[{"start":{"line":59,"column":8},"end":{"line":59,"column":37}},{"start":{"line":60,"column":8},"end":{"line":60,"column":47}}],"line":59},"7":{"loc":{"start":{"line":63,"column":9},"end":{"line":78,"column":3}},"type":"if","locations":[{"start":{"line":63,"column":9},"end":{"line":78,"column":3}},{"start":{"line":72,"column":9},"end":{"line":78,"column":3}}],"line":63},"8":{"loc":{"start":{"line":63,"column":13},"end":{"line":63,"column":84}},"type":"binary-expr","locations":[{"start":{"line":63,"column":13},"end":{"line":63,"column":31}},{"start":{"line":63,"column":35},"end":{"line":63,"column":60}},{"start":{"line":63,"column":64},"end":{"line":63,"column":84}}],"line":63},"9":{"loc":{"start":{"line":68,"column":8},"end":{"line":69,"column":55}},"type":"binary-expr","locations":[{"start":{"line":68,"column":8},"end":{"line":68,"column":37}},{"start":{"line":69,"column":8},"end":{"line":69,"column":55}}],"line":68},"10":{"loc":{"start":{"line":72,"column":9},"end":{"line":78,"column":3}},"type":"if","locations":[{"start":{"line":72,"column":9},"end":{"line":78,"column":3}},{"start":{},"end":{}}],"line":72},"11":{"loc":{"start":{"line":85,"column":4},"end":{"line":93,"column":5}},"type":"if","locations":[{"start":{"line":85,"column":4},"end":{"line":93,"column":5}},{"start":{},"end":{}}],"line":85},"12":{"loc":{"start":{"line":108,"column":31},"end":{"line":108,"column":72}},"type":"binary-expr","locations":[{"start":{"line":108,"column":31},"end":{"line":108,"column":67}},{"start":{"line":108,"column":71},"end":{"line":108,"column":72}}],"line":108}},"s":{"0":10,"1":2,"2":2,"3":8,"4":8,"5":3,"6":3,"7":5,"8":2,"9":8,"10":0,"11":0,"12":0,"13":0,"14":0,"15":0,"16":0,"17":0,"18":0,"19":0,"20":0,"21":0,"22":0,"23":0,"24":0,"25":0,"26":0,"27":0,"28":0,"29":0,"30":0,"31":0,"32":0,"33":0,"34":0,"35":0,"36":0,"37":0,"38":0,"39":0,"40":0,"41":0,"42":0,"43":0,"44":0,"45":0,"46":0,"47":0,"48":0},"f":{"0":10,"1":0,"2":0,"3":0,"4":0,"5":0,"6":0,"7":0,"8":0},"b":{"0":[2,8],"1":[10,9],"2":[3,5],"3":[2,3],"4":[0,0],"5":[0,0],"6":[0,0],"7":[0,0],"8":[0,0,0],"9":[0,0],"10":[0,0],"11":[0,0],"12":[0,0]},"_coverageSchema":"1a1c01bbd47fc00a2c39e90264f33305004495a9","hash":"e1b979156f47f13990cd445f6cdead7495d42566"}
}
