{"C:\\Users\\Bhara\\OneDrive\\Desktop\\customer-rewards-program\\src\\js\\constants.js": {"path":"C:\\Users\\Bhara\\OneDrive\\Desktop\\customer-rewards-program\\src\\js\\constants.js","statementMap":{"0":{"start":{"line":1,"column":30},"end":{"line":7,"column":1}},"1":{"start":{"line":9,"column":22},"end":{"line":12,"column":1}}},"fnMap":{},"branchMap":{},"s":{"0":1,"1":1},"f":{},"b":{},"_coverageSchema":"1a1c01bbd47fc00a2c39e90264f33305004495a9","hash":"52833601a7b6a56f864d18c88d2f8ef4b2d4b928"}
,"C:\\Users\\Bhara\\OneDrive\\Desktop\\customer-rewards-program\\src\\js\\logger.js": {"path":"C:\\Users\\Bhara\\OneDrive\\Desktop\\customer-rewards-program\\src\\js\\logger.js","statementMap":{"0":{"start":{"line":2,"column":15},"end":{"line":6,"column":1}},"1":{"start":{"line":3,"column":21},"end":{"line":3,"column":83}},"2":{"start":{"line":4,"column":21},"end":{"line":4,"column":84}},"3":{"start":{"line":5,"column":22},"end":{"line":5,"column":87}}},"fnMap":{"0":{"name":"(anonymous_0)","decl":{"start":{"line":3,"column":8},"end":{"line":3,"column":9}},"loc":{"start":{"line":3,"column":21},"end":{"line":3,"column":83}},"line":3},"1":{"name":"(anonymous_1)","decl":{"start":{"line":4,"column":8},"end":{"line":4,"column":9}},"loc":{"start":{"line":4,"column":21},"end":{"line":4,"column":84}},"line":4},"2":{"name":"(anonymous_2)","decl":{"start":{"line":5,"column":9},"end":{"line":5,"column":10}},"loc":{"start":{"line":5,"column":22},"end":{"line":5,"column":87}},"line":5}},"branchMap":{},"s":{"0":1,"1":0,"2":2,"3":0},"f":{"0":0,"1":2,"2":0},"b":{},"_coverageSchema":"1a1c01bbd47fc00a2c39e90264f33305004495a9","hash":"6eaa2a8714d932f224c4365635eb4a145d4dfb67"}
,"C:\\Users\\Bhara\\OneDrive\\Desktop\\customer-rewards-program\\src\\js\\utils.js": {"path":"C:\\Users\\Bhara\\OneDrive\\Desktop\\customer-rewards-program\\src\\js\\utils.js","statementMap":{"0":{"start":{"line":5,"column":2},"end":{"line":8,"column":3}},"1":{"start":{"line":6,"column":4},"end":{"line":6,"column":45}},"2":{"start":{"line":7,"column":4},"end":{"line":7,"column":13}},"3":{"start":{"line":10,"column":15},"end":{"line":10,"column":16}},"4":{"start":{"line":11,"column":2},"end":{"line":16,"column":3}},"5":{"start":{"line":12,"column":4},"end":{"line":12,"column":90}},"6":{"start":{"line":13,"column":4},"end":{"line":13,"column":80}},"7":{"start":{"line":14,"column":9},"end":{"line":16,"column":3}},"8":{"start":{"line":15,"column":4},"end":{"line":15,"column":56}},"9":{"start":{"line":17,"column":2},"end":{"line":17,"column":28}},"10":{"start":{"line":21,"column":2},"end":{"line":24,"column":20}},"11":{"start":{"line":28,"column":2},"end":{"line":32,"column":5}},"12":{"start":{"line":37,"column":2},"end":{"line":37,"column":119}},"13":{"start":{"line":39,"column":20},"end":{"line":39,"column":29}},"14":{"start":{"line":40,"column":14},"end":{"line":40,"column":24}},"15":{"start":{"line":42,"column":2},"end":{"line":87,"column":5}},"16":{"start":{"line":43,"column":28},"end":{"line":43,"column":54}},"17":{"start":{"line":44,"column":29},"end":{"line":44,"column":55}},"18":{"start":{"line":45,"column":28},"end":{"line":45,"column":57}},"19":{"start":{"line":48,"column":29},"end":{"line":48,"column":33}},"20":{"start":{"line":49,"column":4},"end":{"line":57,"column":5}},"21":{"start":{"line":51,"column":29},"end":{"line":51,"column":79}},"22":{"start":{"line":52,"column":6},"end":{"line":52,"column":61}},"23":{"start":{"line":54,"column":6},"end":{"line":56,"column":49}},"24":{"start":{"line":59,"column":4},"end":{"line":59,"column":36}},"25":{"start":{"line":59,"column":29},"end":{"line":59,"column":36}},"26":{"start":{"line":61,"column":4},"end":{"line":69,"column":5}},"27":{"start":{"line":62,"column":6},"end":{"line":68,"column":9}},"28":{"start":{"line":71,"column":21},"end":{"line":71,"column":58}},"29":{"start":{"line":72,"column":19},"end":{"line":72,"column":60}},"30":{"start":{"line":74,"column":34},"end":{"line":79,"column":5}},"31":{"start":{"line":81,"column":4},"end":{"line":81,"column":54}},"32":{"start":{"line":83,"column":21},"end":{"line":83,"column":61}},"33":{"start":{"line":84,"column":31},"end":{"line":84,"column":72}},"34":{"start":{"line":85,"column":4},"end":{"line":85,"column":70}},"35":{"start":{"line":86,"column":4},"end":{"line":86,"column":35}},"36":{"start":{"line":89,"column":2},"end":{"line":89,"column":40}}},"fnMap":{"0":{"name":"calculateRewardPoints","decl":{"start":{"line":4,"column":16},"end":{"line":4,"column":37}},"loc":{"start":{"line":4,"column":46},"end":{"line":18,"column":1}},"line":4},"1":{"name":"formatCurrency","decl":{"start":{"line":20,"column":16},"end":{"line":20,"column":30}},"loc":{"start":{"line":20,"column":39},"end":{"line":25,"column":1}},"line":20},"2":{"name":"formatDate","decl":{"start":{"line":27,"column":16},"end":{"line":27,"column":26}},"loc":{"start":{"line":27,"column":36},"end":{"line":33,"column":1}},"line":27},"3":{"name":"processTransactionData","decl":{"start":{"line":36,"column":16},"end":{"line":36,"column":38}},"loc":{"start":{"line":36,"column":78},"end":{"line":90,"column":1}},"line":36},"4":{"name":"(anonymous_4)","decl":{"start":{"line":42,"column":23},"end":{"line":42,"column":24}},"loc":{"start":{"line":42,"column":38},"end":{"line":87,"column":3}},"line":42}},"branchMap":{"0":{"loc":{"start":{"line":5,"column":2},"end":{"line":8,"column":3}},"type":"if","locations":[{"start":{"line":5,"column":2},"end":{"line":8,"column":3}},{"start":{},"end":{}}],"line":5},"1":{"loc":{"start":{"line":5,"column":6},"end":{"line":5,"column":46}},"type":"binary-expr","locations":[{"start":{"line":5,"column":6},"end":{"line":5,"column":32}},{"start":{"line":5,"column":36},"end":{"line":5,"column":46}}],"line":5},"2":{"loc":{"start":{"line":11,"column":2},"end":{"line":16,"column":3}},"type":"if","locations":[{"start":{"line":11,"column":2},"end":{"line":16,"column":3}},{"start":{"line":14,"column":9},"end":{"line":16,"column":3}}],"line":11},"3":{"loc":{"start":{"line":14,"column":9},"end":{"line":16,"column":3}},"type":"if","locations":[{"start":{"line":14,"column":9},"end":{"line":16,"column":3}},{"start":{},"end":{}}],"line":14},"4":{"loc":{"start":{"line":49,"column":4},"end":{"line":57,"column":5}},"type":"if","locations":[{"start":{"line":49,"column":4},"end":{"line":57,"column":5}},{"start":{"line":53,"column":11},"end":{"line":57,"column":5}}],"line":49},"5":{"loc":{"start":{"line":55,"column":8},"end":{"line":56,"column":48}},"type":"binary-expr","locations":[{"start":{"line":55,"column":8},"end":{"line":55,"column":50}},{"start":{"line":56,"column":8},"end":{"line":56,"column":48}}],"line":55},"6":{"loc":{"start":{"line":59,"column":4},"end":{"line":59,"column":36}},"type":"if","locations":[{"start":{"line":59,"column":4},"end":{"line":59,"column":36}},{"start":{},"end":{}}],"line":59},"7":{"loc":{"start":{"line":61,"column":4},"end":{"line":69,"column":5}},"type":"if","locations":[{"start":{"line":61,"column":4},"end":{"line":69,"column":5}},{"start":{},"end":{}}],"line":61},"8":{"loc":{"start":{"line":84,"column":31},"end":{"line":84,"column":72}},"type":"binary-expr","locations":[{"start":{"line":84,"column":31},"end":{"line":84,"column":67}},{"start":{"line":84,"column":71},"end":{"line":84,"column":72}}],"line":84}},"s":{"0":6,"1":2,"2":2,"3":4,"4":4,"5":1,"6":1,"7":3,"8":2,"9":4,"10":0,"11":0,"12":0,"13":0,"14":0,"15":0,"16":0,"17":0,"18":0,"19":0,"20":0,"21":0,"22":0,"23":0,"24":0,"25":0,"26":0,"27":0,"28":0,"29":0,"30":0,"31":0,"32":0,"33":0,"34":0,"35":0,"36":0},"f":{"0":6,"1":0,"2":0,"3":0,"4":0},"b":{"0":[2,4],"1":[6,5],"2":[1,3],"3":[2,1],"4":[0,0],"5":[0,0],"6":[0,0],"7":[0,0],"8":[0,0]},"_coverageSchema":"1a1c01bbd47fc00a2c39e90264f33305004495a9","hash":"76f921932c972eca9f4d8105145b4408c36ce65f"}
}
