TN:
SF:src\js\constants.js
FNF:0
FNH:0
DA:1,1
DA:9,1
LF:2
LH:2
BRF:0
BRH:0
end_of_record
TN:
SF:src\js\logger.js
FN:2,(anonymous_0)
FN:3,(anonymous_1)
FN:4,(anonymous_2)
FNF:3
FNH:1
FNDA:0,(anonymous_0)
FNDA:2,(anonymous_1)
FNDA:0,(anonymous_2)
DA:1,1
DA:2,0
DA:3,2
DA:4,0
LF:4
LH:2
BRF:0
BRH:0
end_of_record
TN:
SF:src\js\utils.js
FN:4,calculateRewardPoints
FN:20,formatCurrency
FN:27,formatDate
FN:36,processTransactionData
FN:55,(anonymous_4)
FN:57,(anonymous_5)
FN:66,(anonymous_6)
FN:75,(anonymous_7)
FN:81,(anonymous_8)
FNF:9
FNH:1
FNDA:10,calculateRewardPoints
FNDA:0,formatCurrency
FNDA:0,formatDate
FNDA:0,processTransactionData
FNDA:0,(anonymous_4)
FNDA:0,(anonymous_5)
FNDA:0,(anonymous_6)
FNDA:0,(anonymous_7)
FNDA:0,(anonymous_8)
DA:5,10
DA:6,2
DA:7,2
DA:10,8
DA:11,8
DA:12,3
DA:13,3
DA:14,5
DA:15,2
DA:17,8
DA:21,0
DA:28,0
DA:37,0
DA:39,0
DA:40,0
DA:43,0
DA:45,0
DA:47,0
DA:50,0
DA:51,0
DA:53,0
DA:55,0
DA:57,0
DA:58,0
DA:59,0
DA:64,0
DA:66,0
DA:67,0
DA:68,0
DA:73,0
DA:75,0
DA:76,0
DA:77,0
DA:81,0
DA:82,0
DA:83,0
DA:84,0
DA:86,0
DA:87,0
DA:96,0
DA:97,0
DA:99,0
DA:106,0
DA:108,0
DA:109,0
DA:110,0
DA:111,0
DA:114,0
LF:48
LH:10
BRDA:5,0,0,2
BRDA:5,0,1,8
BRDA:5,1,0,10
BRDA:5,1,1,9
BRDA:11,2,0,3
BRDA:11,2,1,5
BRDA:14,3,0,2
BRDA:14,3,1,3
BRDA:47,4,0,0
BRDA:47,4,1,0
BRDA:50,5,0,0
BRDA:50,5,1,0
BRDA:60,6,0,0
BRDA:60,6,1,0
BRDA:64,7,0,0
BRDA:64,7,1,0
BRDA:64,8,0,0
BRDA:64,8,1,0
BRDA:64,8,2,0
BRDA:69,9,0,0
BRDA:69,9,1,0
BRDA:73,10,0,0
BRDA:73,10,1,0
BRDA:86,11,0,0
BRDA:86,11,1,0
BRDA:109,12,0,0
BRDA:109,12,1,0
BRF:27
BRH:8
end_of_record
