TN:
SF:src\js\constants.js
FNF:0
FNH:0
DA:1,1
DA:9,1
LF:2
LH:2
BRF:0
BRH:0
end_of_record
TN:
SF:src\js\logger.js
FN:3,(anonymous_0)
FN:4,(anonymous_1)
FN:5,(anonymous_2)
FNF:3
FNH:1
FNDA:0,(anonymous_0)
FNDA:2,(anonymous_1)
FNDA:0,(anonymous_2)
DA:2,1
DA:3,0
DA:4,2
DA:5,0
LF:4
LH:2
BRF:0
BRH:0
end_of_record
TN:
SF:src\js\utils.js
FN:4,calculateRewardPoints
FN:20,formatCurrency
FN:27,formatDate
FN:36,processTransactionData
FN:42,(anonymous_4)
FNF:5
FNH:1
FNDA:6,calculateRewardPoints
FNDA:0,formatCurrency
FNDA:0,formatDate
FNDA:0,processTransactionData
FNDA:0,(anonymous_4)
DA:5,6
DA:6,2
DA:7,2
DA:10,4
DA:11,4
DA:12,1
DA:13,1
DA:14,3
DA:15,2
DA:17,4
DA:21,0
DA:28,0
DA:37,0
DA:39,0
DA:40,0
DA:42,0
DA:43,0
DA:44,0
DA:45,0
DA:48,0
DA:49,0
DA:51,0
DA:52,0
DA:54,0
DA:59,0
DA:61,0
DA:62,0
DA:71,0
DA:72,0
DA:74,0
DA:81,0
DA:83,0
DA:84,0
DA:85,0
DA:86,0
DA:89,0
LF:36
LH:10
BRDA:5,0,0,2
BRDA:5,0,1,4
BRDA:5,1,0,6
BRDA:5,1,1,5
BRDA:11,2,0,1
BRDA:11,2,1,3
BRDA:14,3,0,2
BRDA:14,3,1,1
BRDA:49,4,0,0
BRDA:49,4,1,0
BRDA:55,5,0,0
BRDA:55,5,1,0
BRDA:59,6,0,0
BRDA:59,6,1,0
BRDA:61,7,0,0
BRDA:61,7,1,0
BRDA:84,8,0,0
BRDA:84,8,1,0
BRF:18
BRH:8
end_of_record
